[ 2014-12-15T10:37:27+08:00 ] 0.0.0.0 /shuwo/
INFO: [ app_begin ] --START--
INFO: ReadHtmlCache Behavior ::run [ RunTime:0.009385s ]
INFO: [ app_begin ] --END-- [ RunTime:0.010694s ]

[ 2014-12-15T10:37:27+08:00 ] 0.0.0.0 /shuwo/index.php/Home/index.html
INFO: [ route_check ] --START--
INFO: CheckRoute Behavior ::run [ RunTime:0.038800s ]
INFO: [ route_check ] --END-- [ RunTime:0.039788s ]
INFO: [ app_begin ] --START--
INFO: ReadHtmlCache Behavior ::run [ RunTime:0.002056s ]
INFO: [ app_begin ] --END-- [ RunTime:0.002991s ]
INFO: [ view_parse ] --START--
INFO: ParseTemplate Behavior ::run [ RunTime:0.071764s ]
INFO: [ view_parse ] --END-- [ RunTime:0.072686s ]
INFO: [ view_filter ] --START--
INFO: ContentReplace Behavior ::run [ RunTime:0.014042s ]
INFO: TokenBuild Behavior ::run [ RunTime:0.008989s ]
INFO: WriteHtmlCache Behavior ::run [ RunTime:0.001502s ]
INFO: ShowRuntime Behavior ::run [ RunTime:0.002778s ]
INFO: [ view_filter ] --END-- [ RunTime:0.029824s ]
INFO: [ view_end ] --START--
INFO: ShowPageTrace Behavior ::run [ RunTime:0.011145s ]
INFO: [ view_end ] --END-- [ RunTime:0.012113s ]

[ 2014-12-15T10:37:44+08:00 ] 0.0.0.0 /shuwo/index.php/Home/index.html
INFO: [ route_check ] --START--
INFO: CheckRoute Behavior ::run [ RunTime:0.001884s ]
INFO: [ route_check ] --END-- [ RunTime:0.002867s ]
INFO: [ app_begin ] --START--
INFO: ReadHtmlCache Behavior ::run [ RunTime:0.001980s ]
INFO: [ app_begin ] --END-- [ RunTime:0.002796s ]
INFO: [ view_parse ] --START--
INFO: ParseTemplate Behavior ::run [ RunTime:0.013994s ]
INFO: [ view_parse ] --END-- [ RunTime:0.014717s ]
INFO: [ view_filter ] --START--
INFO: ContentReplace Behavior ::run [ RunTime:0.001196s ]
INFO: TokenBuild Behavior ::run [ RunTime:0.001550s ]
INFO: WriteHtmlCache Behavior ::run [ RunTime:0.000755s ]
INFO: ShowRuntime Behavior ::run [ RunTime:0.002520s ]
INFO: [ view_filter ] --END-- [ RunTime:0.007940s ]
INFO: [ view_end ] --START--
INFO: ShowPageTrace Behavior ::run [ RunTime:0.001465s ]
INFO: [ view_end ] --END-- [ RunTime:0.002183s ]

[ 2014-12-15T10:38:16+08:00 ] 0.0.0.0 /shuwo/index.php/product/detail
INFO: [ route_check ] --START--
INFO: CheckRoute Behavior ::run [ RunTime:0.001536s ]
INFO: [ route_check ] --END-- [ RunTime:0.002385s ]
INFO: [ app_begin ] --START--
INFO: ReadHtmlCache Behavior ::run [ RunTime:0.001577s ]
INFO: [ app_begin ] --END-- [ RunTime:0.002352s ]
ERR: 无法加载模块:product

[ 2014-12-15T10:38:22+08:00 ] 0.0.0.0 /shuwo/index.php/Product/detail
INFO: [ route_check ] --START--
INFO: CheckRoute Behavior ::run [ RunTime:0.001366s ]
INFO: [ route_check ] --END-- [ RunTime:0.002142s ]
INFO: [ app_begin ] --START--
INFO: ReadHtmlCache Behavior ::run [ RunTime:0.001593s ]
INFO: [ app_begin ] --END-- [ RunTime:0.002267s ]
INFO: [ view_parse ] --START--
INFO: ParseTemplate Behavior ::run [ RunTime:0.014585s ]
INFO: [ view_parse ] --END-- [ RunTime:0.015516s ]
INFO: [ view_filter ] --START--
INFO: ContentReplace Behavior ::run [ RunTime:0.001137s ]
INFO: TokenBuild Behavior ::run [ RunTime:0.001624s ]
INFO: WriteHtmlCache Behavior ::run [ RunTime:0.001309s ]
INFO: ShowRuntime Behavior ::run [ RunTime:0.001904s ]
INFO: [ view_filter ] --END-- [ RunTime:0.007964s ]
INFO: [ view_end ] --START--
INFO: ShowPageTrace Behavior ::run [ RunTime:0.001496s ]
INFO: [ view_end ] --END-- [ RunTime:0.002176s ]

[ 2014-12-15T10:38:46+08:00 ] 0.0.0.0 /shuwo/index.php/Order/comfirm
INFO: [ route_check ] --START--
INFO: CheckRoute Behavior ::run [ RunTime:0.001367s ]
INFO: [ route_check ] --END-- [ RunTime:0.002149s ]
INFO: [ app_begin ] --START--
INFO: ReadHtmlCache Behavior ::run [ RunTime:0.001451s ]
INFO: [ app_begin ] --END-- [ RunTime:0.002138s ]
NOTIC: [2048] Declaration of OrderAction::success() should be compatible with that of Action::success() C:\wamp\www\shuwo\Shuwo\Lib\Action\OrderAction.class.php 第 12 行.
INFO: [ view_parse ] --START--
INFO: ParseTemplate Behavior ::run [ RunTime:0.013468s ]
INFO: [ view_parse ] --END-- [ RunTime:0.014197s ]
INFO: [ view_filter ] --START--
INFO: ContentReplace Behavior ::run [ RunTime:0.001570s ]
INFO: TokenBuild Behavior ::run [ RunTime:0.001427s ]
INFO: WriteHtmlCache Behavior ::run [ RunTime:0.000745s ]
INFO: ShowRuntime Behavior ::run [ RunTime:0.001811s ]
INFO: [ view_filter ] --END-- [ RunTime:0.007864s ]
INFO: [ view_end ] --START--
INFO: ShowPageTrace Behavior ::run [ RunTime:0.001463s ]
INFO: [ view_end ] --END-- [ RunTime:0.002260s ]

[ 2014-12-15T10:38:58+08:00 ] 0.0.0.0 /shuwo/index.php/Order/success
INFO: [ route_check ] --START--
INFO: CheckRoute Behavior ::run [ RunTime:0.001441s ]
INFO: [ route_check ] --END-- [ RunTime:0.002213s ]
INFO: [ app_begin ] --START--
INFO: ReadHtmlCache Behavior ::run [ RunTime:0.001645s ]
INFO: [ app_begin ] --END-- [ RunTime:0.002392s ]
NOTIC: [2048] Declaration of OrderAction::success() should be compatible with that of Action::success() C:\wamp\www\shuwo\Shuwo\Lib\Action\OrderAction.class.php 第 12 行.
INFO: [ view_parse ] --START--
INFO: ParseTemplate Behavior ::run [ RunTime:0.014214s ]
INFO: [ view_parse ] --END-- [ RunTime:0.014922s ]
INFO: [ view_filter ] --START--
INFO: ContentReplace Behavior ::run [ RunTime:0.001229s ]
INFO: TokenBuild Behavior ::run [ RunTime:0.001473s ]
INFO: WriteHtmlCache Behavior ::run [ RunTime:0.000739s ]
INFO: ShowRuntime Behavior ::run [ RunTime:0.001919s ]
INFO: [ view_filter ] --END-- [ RunTime:0.007290s ]
INFO: [ view_end ] --START--
INFO: ShowPageTrace Behavior ::run [ RunTime:0.002000s ]
INFO: [ view_end ] --END-- [ RunTime:0.003078s ]

[ 2014-12-15T10:39:14+08:00 ] 0.0.0.0 /shuwo/index.php/Order/failure
INFO: [ route_check ] --START--
INFO: CheckRoute Behavior ::run [ RunTime:0.001562s ]
INFO: [ route_check ] --END-- [ RunTime:0.002328s ]
INFO: [ app_begin ] --START--
INFO: ReadHtmlCache Behavior ::run [ RunTime:0.001569s ]
INFO: [ app_begin ] --END-- [ RunTime:0.002320s ]
NOTIC: [2048] Declaration of OrderAction::success() should be compatible with that of Action::success() C:\wamp\www\shuwo\Shuwo\Lib\Action\OrderAction.class.php 第 12 行.
INFO: [ view_parse ] --START--
INFO: ParseTemplate Behavior ::run [ RunTime:0.014613s ]
INFO: [ view_parse ] --END-- [ RunTime:0.015365s ]
INFO: [ view_filter ] --START--
INFO: ContentReplace Behavior ::run [ RunTime:0.001140s ]
INFO: TokenBuild Behavior ::run [ RunTime:0.001497s ]
INFO: WriteHtmlCache Behavior ::run [ RunTime:0.000865s ]
INFO: ShowRuntime Behavior ::run [ RunTime:0.001823s ]
INFO: [ view_filter ] --END-- [ RunTime:0.007185s ]
INFO: [ view_end ] --START--
INFO: ShowPageTrace Behavior ::run [ RunTime:0.001596s ]
INFO: [ view_end ] --END-- [ RunTime:0.002307s ]

[ 2014-12-15T10:39:31+08:00 ] 0.0.0.0 /shuwo/index.php/Adddress
INFO: [ route_check ] --START--
INFO: CheckRoute Behavior ::run [ RunTime:0.001595s ]
INFO: [ route_check ] --END-- [ RunTime:0.002409s ]
INFO: [ app_begin ] --START--
INFO: ReadHtmlCache Behavior ::run [ RunTime:0.001738s ]
INFO: [ app_begin ] --END-- [ RunTime:0.002445s ]
ERR: 无法加载模块:Adddress

[ 2014-12-15T10:39:40+08:00 ] 0.0.0.0 /shuwo/index.php/Address/add
INFO: [ route_check ] --START--
INFO: CheckRoute Behavior ::run [ RunTime:0.001362s ]
INFO: [ route_check ] --END-- [ RunTime:0.002125s ]
INFO: [ app_begin ] --START--
INFO: ReadHtmlCache Behavior ::run [ RunTime:0.001489s ]
INFO: [ app_begin ] --END-- [ RunTime:0.002241s ]
INFO: [ view_parse ] --START--
INFO: ParseTemplate Behavior ::run [ RunTime:0.015470s ]
INFO: [ view_parse ] --END-- [ RunTime:0.016246s ]
INFO: [ view_filter ] --START--
INFO: ContentReplace Behavior ::run [ RunTime:0.001466s ]
INFO: TokenBuild Behavior ::run [ RunTime:0.001618s ]
INFO: WriteHtmlCache Behavior ::run [ RunTime:0.000864s ]
INFO: ShowRuntime Behavior ::run [ RunTime:0.001942s ]
INFO: [ view_filter ] --END-- [ RunTime:0.007778s ]
INFO: [ view_end ] --START--
INFO: ShowPageTrace Behavior ::run [ RunTime:0.002250s ]
INFO: [ view_end ] --END-- [ RunTime:0.003311s ]

[ 2014-12-15T10:39:53+08:00 ] 0.0.0.0 /shuwo/index.php/Address/edit
INFO: [ route_check ] --START--
INFO: CheckRoute Behavior ::run [ RunTime:0.001490s ]
INFO: [ route_check ] --END-- [ RunTime:0.002282s ]
INFO: [ app_begin ] --START--
INFO: ReadHtmlCache Behavior ::run [ RunTime:0.001563s ]
INFO: [ app_begin ] --END-- [ RunTime:0.002242s ]
INFO: [ view_parse ] --START--
INFO: ParseTemplate Behavior ::run [ RunTime:0.014534s ]
INFO: [ view_parse ] --END-- [ RunTime:0.015240s ]
INFO: [ view_filter ] --START--
INFO: ContentReplace Behavior ::run [ RunTime:0.001205s ]
INFO: TokenBuild Behavior ::run [ RunTime:0.001446s ]
INFO: WriteHtmlCache Behavior ::run [ RunTime:0.001014s ]
INFO: ShowRuntime Behavior ::run [ RunTime:0.002037s ]
INFO: [ view_filter ] --END-- [ RunTime:0.008208s ]
INFO: [ view_end ] --START--
INFO: ShowPageTrace Behavior ::run [ RunTime:0.001422s ]
INFO: [ view_end ] --END-- [ RunTime:0.002152s ]

[ 2014-12-15T10:40:01+08:00 ] 0.0.0.0 /shuwo/index.php/Address/table
INFO: [ route_check ] --START--
INFO: CheckRoute Behavior ::run [ RunTime:0.001363s ]
INFO: [ route_check ] --END-- [ RunTime:0.002134s ]
INFO: [ app_begin ] --START--
INFO: ReadHtmlCache Behavior ::run [ RunTime:0.001701s ]
INFO: [ app_begin ] --END-- [ RunTime:0.002471s ]
INFO: [ view_parse ] --START--
INFO: ParseTemplate Behavior ::run [ RunTime:0.014698s ]
INFO: [ view_parse ] --END-- [ RunTime:0.015432s ]
INFO: [ view_filter ] --START--
INFO: ContentReplace Behavior ::run [ RunTime:0.001212s ]
INFO: TokenBuild Behavior ::run [ RunTime:0.001459s ]
INFO: WriteHtmlCache Behavior ::run [ RunTime:0.000739s ]
INFO: ShowRuntime Behavior ::run [ RunTime:0.001826s ]
INFO: [ view_filter ] --END-- [ RunTime:0.007090s ]
INFO: [ view_end ] --START--
INFO: ShowPageTrace Behavior ::run [ RunTime:0.001866s ]
INFO: [ view_end ] --END-- [ RunTime:0.002749s ]

[ 2014-12-15T10:40:49+08:00 ] 0.0.0.0 /shuwo/index.php/Coupon/table
INFO: [ route_check ] --START--
INFO: CheckRoute Behavior ::run [ RunTime:0.001658s ]
INFO: [ route_check ] --END-- [ RunTime:0.002590s ]
INFO: [ app_begin ] --START--
INFO: ReadHtmlCache Behavior ::run [ RunTime:0.001708s ]
INFO: [ app_begin ] --END-- [ RunTime:0.002447s ]
INFO: [ view_parse ] --START--
INFO: ParseTemplate Behavior ::run [ RunTime:0.015361s ]
INFO: [ view_parse ] --END-- [ RunTime:0.016121s ]
INFO: [ view_filter ] --START--
INFO: ContentReplace Behavior ::run [ RunTime:0.001188s ]
INFO: TokenBuild Behavior ::run [ RunTime:0.001594s ]
INFO: WriteHtmlCache Behavior ::run [ RunTime:0.000899s ]
INFO: ShowRuntime Behavior ::run [ RunTime:0.001852s ]
INFO: [ view_filter ] --END-- [ RunTime:0.007587s ]
INFO: [ view_end ] --START--
INFO: ShowPageTrace Behavior ::run [ RunTime:0.001769s ]
INFO: [ view_end ] --END-- [ RunTime:0.002813s ]

[ 2014-12-15T10:40:59+08:00 ] 0.0.0.0 /shuwo/index.php/Coupon/detail
INFO: [ route_check ] --START--
INFO: CheckRoute Behavior ::run [ RunTime:0.001413s ]
INFO: [ route_check ] --END-- [ RunTime:0.002194s ]
INFO: [ app_begin ] --START--
INFO: ReadHtmlCache Behavior ::run [ RunTime:0.001564s ]
INFO: [ app_begin ] --END-- [ RunTime:0.002286s ]
INFO: [ view_parse ] --START--
INFO: ParseTemplate Behavior ::run [ RunTime:0.013718s ]
INFO: [ view_parse ] --END-- [ RunTime:0.014438s ]
INFO: [ view_filter ] --START--
INFO: ContentReplace Behavior ::run [ RunTime:0.001200s ]
INFO: TokenBuild Behavior ::run [ RunTime:0.001648s ]
INFO: WriteHtmlCache Behavior ::run [ RunTime:0.000809s ]
INFO: ShowRuntime Behavior ::run [ RunTime:0.001954s ]
INFO: [ view_filter ] --END-- [ RunTime:0.007731s ]
INFO: [ view_end ] --START--
INFO: ShowPageTrace Behavior ::run [ RunTime:0.001415s ]
INFO: [ view_end ] --END-- [ RunTime:0.002160s ]

[ 2014-12-15T10:41:07+08:00 ] 0.0.0.0 /shuwo/index.php/Coupon/usedlist
INFO: [ route_check ] --START--
INFO: CheckRoute Behavior ::run [ RunTime:0.001572s ]
INFO: [ route_check ] --END-- [ RunTime:0.002429s ]
INFO: [ app_begin ] --START--
INFO: ReadHtmlCache Behavior ::run [ RunTime:0.001505s ]
INFO: [ app_begin ] --END-- [ RunTime:0.002200s ]
INFO: [ view_parse ] --START--
INFO: ParseTemplate Behavior ::run [ RunTime:0.014573s ]
INFO: [ view_parse ] --END-- [ RunTime:0.015282s ]
INFO: [ view_filter ] --START--
INFO: ContentReplace Behavior ::run [ RunTime:0.001186s ]
INFO: TokenBuild Behavior ::run [ RunTime:0.001962s ]
INFO: WriteHtmlCache Behavior ::run [ RunTime:0.001234s ]
INFO: ShowRuntime Behavior ::run [ RunTime:0.001931s ]
INFO: [ view_filter ] --END-- [ RunTime:0.008595s ]
INFO: [ view_end ] --START--
INFO: ShowPageTrace Behavior ::run [ RunTime:0.001493s ]
INFO: [ view_end ] --END-- [ RunTime:0.002235s ]

[ 2014-12-15T10:41:19+08:00 ] 0.0.0.0 /shuwo/index.php/Coupon/usedetail
INFO: [ route_check ] --START--
INFO: CheckRoute Behavior ::run [ RunTime:0.001370s ]
INFO: [ route_check ] --END-- [ RunTime:0.002138s ]
INFO: [ app_begin ] --START--
INFO: ReadHtmlCache Behavior ::run [ RunTime:0.001524s ]
INFO: [ app_begin ] --END-- [ RunTime:0.002215s ]
INFO: [ view_parse ] --START--
INFO: ParseTemplate Behavior ::run [ RunTime:0.013536s ]
INFO: [ view_parse ] --END-- [ RunTime:0.014252s ]
INFO: [ view_filter ] --START--
INFO: ContentReplace Behavior ::run [ RunTime:0.001178s ]
INFO: TokenBuild Behavior ::run [ RunTime:0.001904s ]
INFO: WriteHtmlCache Behavior ::run [ RunTime:0.000805s ]
INFO: ShowRuntime Behavior ::run [ RunTime:0.001847s ]
INFO: [ view_filter ] --END-- [ RunTime:0.007966s ]
INFO: [ view_end ] --START--
INFO: ShowPageTrace Behavior ::run [ RunTime:0.001412s ]
INFO: [ view_end ] --END-- [ RunTime:0.002219s ]

[ 2014-12-15T10:41:38+08:00 ] 0.0.0.0 /shuwo/index.php/User/management
INFO: [ route_check ] --START--
INFO: CheckRoute Behavior ::run [ RunTime:0.001617s ]
INFO: [ route_check ] --END-- [ RunTime:0.002370s ]
INFO: [ app_begin ] --START--
INFO: ReadHtmlCache Behavior ::run [ RunTime:0.002052s ]
INFO: [ app_begin ] --END-- [ RunTime:0.002849s ]
INFO: [ view_parse ] --START--
INFO: ParseTemplate Behavior ::run [ RunTime:0.015132s ]
INFO: [ view_parse ] --END-- [ RunTime:0.015861s ]
INFO: [ view_filter ] --START--
INFO: ContentReplace Behavior ::run [ RunTime:0.001157s ]
INFO: TokenBuild Behavior ::run [ RunTime:0.001483s ]
INFO: WriteHtmlCache Behavior ::run [ RunTime:0.000751s ]
INFO: ShowRuntime Behavior ::run [ RunTime:0.001853s ]
INFO: [ view_filter ] --END-- [ RunTime:0.007237s ]
INFO: [ view_end ] --START--
INFO: ShowPageTrace Behavior ::run [ RunTime:0.001458s ]
INFO: [ view_end ] --END-- [ RunTime:0.002152s ]

[ 2014-12-15T10:41:48+08:00 ] 0.0.0.0 /shuwo/index.php/User/unpaid
INFO: [ route_check ] --START--
INFO: CheckRoute Behavior ::run [ RunTime:0.001402s ]
INFO: [ route_check ] --END-- [ RunTime:0.002151s ]
INFO: [ app_begin ] --START--
INFO: ReadHtmlCache Behavior ::run [ RunTime:0.001531s ]
INFO: [ app_begin ] --END-- [ RunTime:0.002287s ]
INFO: [ view_parse ] --START--
INFO: ParseTemplate Behavior ::run [ RunTime:0.014640s ]
INFO: [ view_parse ] --END-- [ RunTime:0.015356s ]
INFO: [ view_filter ] --START--
INFO: ContentReplace Behavior ::run [ RunTime:0.001245s ]
INFO: TokenBuild Behavior ::run [ RunTime:0.001609s ]
INFO: WriteHtmlCache Behavior ::run [ RunTime:0.000882s ]
INFO: ShowRuntime Behavior ::run [ RunTime:0.001944s ]
INFO: [ view_filter ] --END-- [ RunTime:0.007664s ]
INFO: [ view_end ] --START--
INFO: ShowPageTrace Behavior ::run [ RunTime:0.001501s ]
INFO: [ view_end ] --END-- [ RunTime:0.002194s ]

[ 2014-12-15T10:41:58+08:00 ] 0.0.0.0 /shuwo/index.php/User/unpaiddetail
INFO: [ route_check ] --START--
INFO: CheckRoute Behavior ::run [ RunTime:0.001379s ]
INFO: [ route_check ] --END-- [ RunTime:0.002149s ]
INFO: [ app_begin ] --START--
INFO: ReadHtmlCache Behavior ::run [ RunTime:0.001669s ]
INFO: [ app_begin ] --END-- [ RunTime:0.002348s ]
INFO: [ view_parse ] --START--
INFO: ParseTemplate Behavior ::run [ RunTime:0.014226s ]
INFO: [ view_parse ] --END-- [ RunTime:0.015159s ]
INFO: [ view_filter ] --START--
INFO: ContentReplace Behavior ::run [ RunTime:0.001209s ]
INFO: TokenBuild Behavior ::run [ RunTime:0.001480s ]
INFO: WriteHtmlCache Behavior ::run [ RunTime:0.000745s ]
INFO: ShowRuntime Behavior ::run [ RunTime:0.001876s ]
INFO: [ view_filter ] --END-- [ RunTime:0.007181s ]
INFO: [ view_end ] --START--
INFO: ShowPageTrace Behavior ::run [ RunTime:0.001354s ]
INFO: [ view_end ] --END-- [ RunTime:0.002091s ]

[ 2014-12-15T10:42:07+08:00 ] 0.0.0.0 /shuwo/index.php/User/undeliver
INFO: [ route_check ] --START--
INFO: CheckRoute Behavior ::run [ RunTime:0.001369s ]
INFO: [ route_check ] --END-- [ RunTime:0.002121s ]
INFO: [ app_begin ] --START--
INFO: ReadHtmlCache Behavior ::run [ RunTime:0.001463s ]
INFO: [ app_begin ] --END-- [ RunTime:0.002157s ]
INFO: [ view_parse ] --START--
INFO: ParseTemplate Behavior ::run [ RunTime:0.013544s ]
INFO: [ view_parse ] --END-- [ RunTime:0.014266s ]
INFO: [ view_filter ] --START--
INFO: ContentReplace Behavior ::run [ RunTime:0.001561s ]
INFO: TokenBuild Behavior ::run [ RunTime:0.001628s ]
INFO: WriteHtmlCache Behavior ::run [ RunTime:0.000816s ]
INFO: ShowRuntime Behavior ::run [ RunTime:0.001804s ]
INFO: [ view_filter ] --END-- [ RunTime:0.007951s ]
INFO: [ view_end ] --START--
INFO: ShowPageTrace Behavior ::run [ RunTime:0.001390s ]
INFO: [ view_end ] --END-- [ RunTime:0.002066s ]

[ 2014-12-15T10:42:16+08:00 ] 0.0.0.0 /shuwo/index.php/User/undeliverdetail
INFO: [ route_check ] --START--
INFO: CheckRoute Behavior ::run [ RunTime:0.001396s ]
INFO: [ route_check ] --END-- [ RunTime:0.002180s ]
INFO: [ app_begin ] --START--
INFO: ReadHtmlCache Behavior ::run [ RunTime:0.001477s ]
INFO: [ app_begin ] --END-- [ RunTime:0.002146s ]
INFO: [ view_parse ] --START--
INFO: ParseTemplate Behavior ::run [ RunTime:0.015308s ]
INFO: [ view_parse ] --END-- [ RunTime:0.016034s ]
INFO: [ view_filter ] --START--
INFO: ContentReplace Behavior ::run [ RunTime:0.001157s ]
INFO: TokenBuild Behavior ::run [ RunTime:0.001446s ]
INFO: WriteHtmlCache Behavior ::run [ RunTime:0.000854s ]
INFO: ShowRuntime Behavior ::run [ RunTime:0.002973s ]
INFO: [ view_filter ] --END-- [ RunTime:0.008620s ]
INFO: [ view_end ] --START--
INFO: ShowPageTrace Behavior ::run [ RunTime:0.001410s ]
INFO: [ view_end ] --END-- [ RunTime:0.002102s ]

[ 2014-12-15T10:42:25+08:00 ] 0.0.0.0 /shuwo/index.php/User/recordlist
INFO: [ route_check ] --START--
INFO: CheckRoute Behavior ::run [ RunTime:0.001351s ]
INFO: [ route_check ] --END-- [ RunTime:0.002093s ]
INFO: [ app_begin ] --START--
INFO: ReadHtmlCache Behavior ::run [ RunTime:0.001493s ]
INFO: [ app_begin ] --END-- [ RunTime:0.002190s ]
INFO: [ view_parse ] --START--
INFO: ParseTemplate Behavior ::run [ RunTime:0.013587s ]
INFO: [ view_parse ] --END-- [ RunTime:0.014413s ]
INFO: [ view_filter ] --START--
INFO: ContentReplace Behavior ::run [ RunTime:0.001214s ]
INFO: TokenBuild Behavior ::run [ RunTime:0.001463s ]
INFO: WriteHtmlCache Behavior ::run [ RunTime:0.000749s ]
INFO: ShowRuntime Behavior ::run [ RunTime:0.001858s ]
INFO: [ view_filter ] --END-- [ RunTime:0.007213s ]
INFO: [ view_end ] --START--
INFO: ShowPageTrace Behavior ::run [ RunTime:0.001404s ]
INFO: [ view_end ] --END-- [ RunTime:0.002112s ]

[ 2014-12-15T10:42:36+08:00 ] 0.0.0.0 /shuwo/index.php/User/closed
INFO: [ route_check ] --START--
INFO: CheckRoute Behavior ::run [ RunTime:0.001360s ]
INFO: [ route_check ] --END-- [ RunTime:0.002111s ]
INFO: [ app_begin ] --START--
INFO: ReadHtmlCache Behavior ::run [ RunTime:0.001542s ]
INFO: [ app_begin ] --END-- [ RunTime:0.002238s ]
INFO: [ view_parse ] --START--
INFO: ParseTemplate Behavior ::run [ RunTime:0.014133s ]
INFO: [ view_parse ] --END-- [ RunTime:0.014829s ]
INFO: [ view_filter ] --START--
INFO: ContentReplace Behavior ::run [ RunTime:0.001175s ]
INFO: TokenBuild Behavior ::run [ RunTime:0.001600s ]
INFO: WriteHtmlCache Behavior ::run [ RunTime:0.000869s ]
INFO: ShowRuntime Behavior ::run [ RunTime:0.001997s ]
INFO: [ view_filter ] --END-- [ RunTime:0.008044s ]
INFO: [ view_end ] --START--
INFO: ShowPageTrace Behavior ::run [ RunTime:0.001606s ]
INFO: [ view_end ] --END-- [ RunTime:0.002461s ]

