[ 2015-01-23T17:22:14+08:00 ] ::1 /shuwo/project/Api/'isdefault/1
ERR: 无法加载控制器:'isdefault

[ 2015-01-23T17:23:08+08:00 ] ::1 /shuwo/project/Api/'isdefault/1
ERR: 无法加载控制器:'isdefault

[ 2015-01-23T17:23:29+08:00 ] ::1 /shuwo/project/Api/'isdefault/1
ERR: 无法加载控制器:'isdefault

[ 2015-01-23T17:23:42+08:00 ] ::1 /shuwo/project/Api/isdefault/1
ERR: 无法加载控制器:IsdefaultApi

[ 2015-01-23T17:25:26+08:00 ] ::1 /shuwo/project/Api/isdefault/1
ERR: 无法加载控制器:IsdefaultApi

[ 2015-01-23T17:25:27+08:00 ] ::1 /shuwo/project/Api/isdefault/1
ERR: 无法加载控制器:IsdefaultApi

[ 2015-01-23T17:25:27+08:00 ] ::1 /shuwo/project/Api/isdefault/1
ERR: 无法加载控制器:IsdefaultApi

[ 2015-01-23T17:25:27+08:00 ] ::1 /shuwo/project/Api/isdefault/1
ERR: 无法加载控制器:IsdefaultApi

[ 2015-01-23T17:25:27+08:00 ] ::1 /shuwo/project/Api/isdefault/1
ERR: 无法加载控制器:IsdefaultApi

[ 2015-01-23T17:25:28+08:00 ] ::1 /shuwo/project/Api/isdefault/1
ERR: 无法加载控制器:IsdefaultApi

[ 2015-01-23T17:25:28+08:00 ] ::1 /shuwo/project/Api/isdefault/1
ERR: 无法加载控制器:IsdefaultApi

[ 2015-01-23T17:25:28+08:00 ] ::1 /shuwo/project/Api/isdefault/1
ERR: 无法加载控制器:IsdefaultApi

[ 2015-01-23T17:25:28+08:00 ] ::1 /shuwo/project/Api/isdefault/1
ERR: 无法加载控制器:IsdefaultApi

[ 2015-01-23T17:25:29+08:00 ] ::1 /shuwo/project/Api/isdefault/1
ERR: 无法加载控制器:IsdefaultApi

[ 2015-01-23T17:25:29+08:00 ] ::1 /shuwo/project/Api/isdefault/1
ERR: 无法加载控制器:IsdefaultApi

[ 2015-01-23T17:25:29+08:00 ] ::1 /shuwo/project/Api/isdefault/1
ERR: 无法加载控制器:IsdefaultApi

[ 2015-01-23T17:26:32+08:00 ] ::1 /shuwo/project/index.php/Api/%27IsdefaultApi/updateisdefault
ERR: 无法加载控制器:'IsdefaultApi

[ 2015-01-23T17:26:46+08:00 ] ::1 /shuwo/project/index.php/Api/IsdefaultApi/updateisdefault
ERR: 无法加载控制器:IsdefaultApi

[ 2015-01-23T17:28:12+08:00 ] ::1 /shuwo/project/Api/isdefault/1
ERR: 非法操作:updateisdefault

[ 2015-01-23T17:28:12+08:00 ] ::1 /shuwo/project/Api/isdefault/1
ERR: 非法操作:updateisdefault

[ 2015-01-23T17:28:13+08:00 ] ::1 /shuwo/project/Api/isdefault/1
ERR: 非法操作:updateisdefault

[ 2015-01-23T17:28:13+08:00 ] ::1 /shuwo/project/Api/isdefault/1
ERR: 非法操作:updateisdefault

[ 2015-01-23T17:28:13+08:00 ] ::1 /shuwo/project/Api/isdefault/1
ERR: 非法操作:updateisdefault

[ 2015-01-23T17:28:13+08:00 ] ::1 /shuwo/project/Api/isdefault/1
ERR: 非法操作:updateisdefault

[ 2015-01-23T17:28:14+08:00 ] ::1 /shuwo/project/Api/isdefault/1
ERR: 非法操作:updateisdefault

[ 2015-01-23T17:28:14+08:00 ] ::1 /shuwo/project/Api/isdefault/1
ERR: 非法操作:updateisdefault

[ 2015-01-23T17:28:14+08:00 ] ::1 /shuwo/project/Api/isdefault/1
ERR: 非法操作:updateisdefault

[ 2015-01-23T17:28:14+08:00 ] ::1 /shuwo/project/Api/isdefault/1
ERR: 非法操作:updateisdefault

[ 2015-01-23T17:28:15+08:00 ] ::1 /shuwo/project/Api/isdefault/1
ERR: 非法操作:updateisdefault

[ 2015-01-23T17:28:15+08:00 ] ::1 /shuwo/project/Api/isdefault/1
ERR: 非法操作:updateisdefault

[ 2015-01-23T17:28:15+08:00 ] ::1 /shuwo/project/Api/isdefault/1
ERR: 非法操作:updateisdefault

[ 2015-01-23T17:28:15+08:00 ] ::1 /shuwo/project/Api/isdefault/1
ERR: 非法操作:updateisdefault

[ 2015-01-23T17:28:51+08:00 ] ::1 /shuwo/project/index.php/Api/IsdefaultApi/updateisdefault
ERR: 非法操作:updateisdefault

