[ 2015-01-26T13:31:17+08:00 ] ::1 /shuwo/project/index.php/Api/addadmin
ERR: 无法加载控制器:Addadmin

[ 2015-01-26T13:31:34+08:00 ] ::1 /shuwo/project/index.php/Api/admin
ERR: 无法加载控制器:AdminApi

[ 2015-01-26T13:31:35+08:00 ] ::1 /shuwo/project/index.php/Api/admin
ERR: 无法加载控制器:AdminApi

[ 2015-01-26T13:31:35+08:00 ] ::1 /shuwo/project/index.php/Api/admin
ERR: 无法加载控制器:AdminApi

[ 2015-01-26T13:31:35+08:00 ] ::1 /shuwo/project/index.php/Api/admin
ERR: 无法加载控制器:AdminApi

[ 2015-01-26T13:31:35+08:00 ] ::1 /shuwo/project/index.php/Api/admin
ERR: 无法加载控制器:AdminApi

[ 2015-01-26T13:31:38+08:00 ] ::1 /shuwo/project/index.php/Api/admin
ERR: 无法加载控制器:AdminApi

[ 2015-01-26T13:31:38+08:00 ] ::1 /shuwo/project/index.php/Api/admin
ERR: 无法加载控制器:AdminApi

[ 2015-01-26T13:31:38+08:00 ] ::1 /shuwo/project/index.php/Api/admin
ERR: 无法加载控制器:AdminApi

[ 2015-01-26T13:31:38+08:00 ] ::1 /shuwo/project/index.php/Api/admin
ERR: 无法加载控制器:AdminApi

[ 2015-01-26T13:31:39+08:00 ] ::1 /shuwo/project/index.php/Api/admin
ERR: 无法加载控制器:AdminApi

[ 2015-01-26T13:32:11+08:00 ] ::1 /shuwo/project/index.php/Api/amdin
ERR: 无法加载控制器:Amdin

[ 2015-01-26T13:32:30+08:00 ] ::1 /shuwo/project/index.php/Api/amdin
ERR: 无法加载控制器:Amdin

[ 2015-01-26T13:32:37+08:00 ] ::1 /shuwo/project/index.php/Api/admin
ERR: 无法加载控制器:Admin

[ 2015-01-26T13:38:41+08:00 ] ::1 /shuwo/project/index.php/Api/amdin
ERR: 无法加载控制器:Amdin

[ 2015-01-26T13:38:42+08:00 ] ::1 /shuwo/project/index.php/Api/amdin
ERR: 无法加载控制器:Amdin

[ 2015-01-26T13:38:43+08:00 ] ::1 /shuwo/project/index.php/Api/amdin
ERR: 无法加载控制器:Amdin

[ 2015-01-26T13:38:43+08:00 ] ::1 /shuwo/project/index.php/Api/amdin
ERR: 无法加载控制器:Amdin

[ 2015-01-26T13:38:43+08:00 ] ::1 /shuwo/project/index.php/Api/amdin
ERR: 无法加载控制器:Amdin

[ 2015-01-26T13:38:50+08:00 ] ::1 /shuwo/project/index.php/Api/alladmin
ERR: 无法加载控制器:Alladmin

[ 2015-01-26T13:38:51+08:00 ] ::1 /shuwo/project/index.php/Api/alladmin
ERR: 无法加载控制器:Alladmin

[ 2015-01-26T13:38:51+08:00 ] ::1 /shuwo/project/index.php/Api/alladmin
ERR: 无法加载控制器:Alladmin

[ 2015-01-26T13:38:51+08:00 ] ::1 /shuwo/project/index.php/Api/alladmin
ERR: 无法加载控制器:Alladmin

[ 2015-01-26T13:38:52+08:00 ] ::1 /shuwo/project/index.php/Api/alladmin
ERR: 无法加载控制器:Alladmin

[ 2015-01-26T13:38:52+08:00 ] ::1 /shuwo/project/index.php/Api/alladmin
ERR: 无法加载控制器:Alladmin

[ 2015-01-26T13:40:59+08:00 ] ::1 /shuwo/project/index.php/Api/alladmin
ERR: 无法加载控制器:Alladmin

[ 2015-01-26T13:41:40+08:00 ] ::1 /shuwo/project/index.php/Api/alladmin
ERR: 无法加载控制器:Alladmin

[ 2015-01-26T13:41:41+08:00 ] ::1 /shuwo/project/index.php/Api/alladmin
ERR: 无法加载控制器:Alladmin

[ 2015-01-26T13:41:41+08:00 ] ::1 /shuwo/project/index.php/Api/alladmin
ERR: 无法加载控制器:Alladmin

[ 2015-01-26T13:41:41+08:00 ] ::1 /shuwo/project/index.php/Api/alladmin
ERR: 无法加载控制器:Alladmin

[ 2015-01-26T13:41:41+08:00 ] ::1 /shuwo/project/index.php/Api/alladmin
ERR: 无法加载控制器:Alladmin

[ 2015-01-26T13:41:41+08:00 ] ::1 /shuwo/project/index.php/Api/alladmin
ERR: 无法加载控制器:Alladmin

[ 2015-01-26T13:41:42+08:00 ] ::1 /shuwo/project/index.php/Api/alladmin
ERR: 无法加载控制器:Alladmin

[ 2015-01-26T13:41:42+08:00 ] ::1 /shuwo/project/index.php/Api/alladmin
ERR: 无法加载控制器:Alladmin

[ 2015-01-26T13:41:42+08:00 ] ::1 /shuwo/project/index.php/Api/alladmin
ERR: 无法加载控制器:Alladmin

[ 2015-01-26T13:41:42+08:00 ] ::1 /shuwo/project/index.php/Api/alladmin
ERR: 无法加载控制器:Alladmin

[ 2015-01-26T13:41:43+08:00 ] ::1 /shuwo/project/index.php/Api/alladmin
ERR: 无法加载控制器:Alladmin

[ 2015-01-26T13:41:43+08:00 ] ::1 /shuwo/project/index.php/Api/alladmin
ERR: 无法加载控制器:Alladmin

[ 2015-01-26T13:41:43+08:00 ] ::1 /shuwo/project/index.php/Api/alladmin
ERR: 无法加载控制器:Alladmin

[ 2015-01-26T13:41:43+08:00 ] ::1 /shuwo/project/index.php/Api/alladmin
ERR: 无法加载控制器:Alladmin

[ 2015-01-26T13:41:52+08:00 ] ::1 /shuwo/project/index.php/Api/alladmin
ERR: 无法加载控制器:Alladmin

[ 2015-01-26T13:42:21+08:00 ] ::1 /shuwo/project/index.php/Api/alladmin
ERR: 无法加载控制器:AdminApi

[ 2015-01-26T13:44:03+08:00 ] ::1 /shuwo/project/index.php/Api/alladmin
ERR: 无法加载控制器:Alladmin

[ 2015-01-26T13:44:04+08:00 ] ::1 /shuwo/project/index.php/Api/alladmin
ERR: 无法加载控制器:Alladmin

[ 2015-01-26T13:44:11+08:00 ] ::1 /shuwo/project/index.php/Api/alladmin
ERR: 无法加载控制器:AdminApi

[ 2015-01-26T13:45:05+08:00 ] ::1 /shuwo/project/index.php/Api/alladmin
ERR: 无法加载控制器:Alladmin

[ 2015-01-26T13:45:05+08:00 ] ::1 /shuwo/project/index.php/Api/alladmin
ERR: 无法加载控制器:Alladmin

[ 2015-01-26T13:45:06+08:00 ] ::1 /shuwo/project/index.php/Api/alladmin
ERR: 无法加载控制器:Alladmin

[ 2015-01-26T13:45:06+08:00 ] ::1 /shuwo/project/index.php/Api/alladmin
ERR: 无法加载控制器:Alladmin

[ 2015-01-26T13:45:06+08:00 ] ::1 /shuwo/project/index.php/Api/alladmin
ERR: 无法加载控制器:Alladmin

[ 2015-01-26T13:45:06+08:00 ] ::1 /shuwo/project/index.php/Api/alladmin
ERR: 无法加载控制器:Alladmin

[ 2015-01-26T13:45:06+08:00 ] ::1 /shuwo/project/index.php/Api/alladmin
ERR: 无法加载控制器:Alladmin

[ 2015-01-26T13:45:07+08:00 ] ::1 /shuwo/project/index.php/Api/alladmin
ERR: 无法加载控制器:Alladmin

[ 2015-01-26T13:45:07+08:00 ] ::1 /shuwo/project/index.php/Api/alladmin
ERR: 无法加载控制器:Alladmin

[ 2015-01-26T13:45:07+08:00 ] ::1 /shuwo/project/index.php/Api/alladmin
ERR: 无法加载控制器:Alladmin

[ 2015-01-26T13:45:07+08:00 ] ::1 /shuwo/project/index.php/Api/alladmin
ERR: 无法加载控制器:Alladmin

