[ 2015-01-27T12:15:52+08:00 ] ::1 /shuwo/project/index.php/Api/allorder
ERR: 无法加载控制器:OrderApi

[ 2015-01-27T12:17:08+08:00 ] ::1 /shuwo/project/index.php/Api/allorder
ERR: 无法加载控制器:OrderApi

[ 2015-01-27T12:17:09+08:00 ] ::1 /shuwo/project/index.php/Api/allorder
ERR: 无法加载控制器:OrderApi

[ 2015-01-27T12:17:09+08:00 ] ::1 /shuwo/project/index.php/Api/allorder
ERR: 无法加载控制器:OrderApi

[ 2015-01-27T12:17:10+08:00 ] ::1 /shuwo/project/index.php/Api/allorder
ERR: 无法加载控制器:OrderApi

[ 2015-01-27T12:17:11+08:00 ] ::1 /shuwo/project/index.php/Api/allorder
ERR: 无法加载控制器:OrderApi

[ 2015-01-27T12:17:11+08:00 ] ::1 /shuwo/project/index.php/Api/allorder
ERR: 无法加载控制器:OrderApi

[ 2015-01-27T12:17:12+08:00 ] ::1 /shuwo/project/index.php/Api/allorder
ERR: 无法加载控制器:OrderApi

[ 2015-01-27T12:17:27+08:00 ] ::1 /shuwo/project/index.php/Api/allorder
ERR: 无法加载控制器:OrderApi

[ 2015-01-27T12:17:36+08:00 ] ::1 /shuwo/project/index.php/Api/allshos
ERR: 无法加载控制器:Allshos

[ 2015-01-27T12:17:49+08:00 ] ::1 /shuwo/project/index.php/Api/allorder
ERR: 无法加载控制器:OrderApi

[ 2015-01-27T12:18:39+08:00 ] ::1 /shuwo/project/index.php/Api/allorder
ERR: 非法操作:getallorder

[ 2015-01-27T12:21:12+08:00 ] ::1 /shuwo/project/index.php/Api/allshos
ERR: 无法加载控制器:Allshos

[ 2015-01-27T12:21:51+08:00 ] ::1 /shuwo/project/index.php/Api/allorder
ERR: 无法加载控制器:OrderApi

[ 2015-01-27T12:22:34+08:00 ] ::1 /shuwo/project/index.php/Api/allorder
ERR: 无法加载控制器:OrderApi

[ 2015-01-27T12:25:39+08:00 ] ::1 /shuwo/project/index.php/Api/allorder
ERR: 无法加载控制器:AdApi

[ 2015-01-27T12:26:13+08:00 ] ::1 /shuwo/project/index.php/Api/al
ERR: 无法加载控制器:Al

[ 2015-01-27T12:26:30+08:00 ] ::1 /shuwo/project/index.php/Api/all
ERR: 无法加载控制器:AdApi

[ 2015-01-27T12:28:11+08:00 ] ::1 /shuwo/project/index.php/Api/all
ERR: 无法加载控制器:All

[ 2015-01-27T12:28:33+08:00 ] ::1 /shuwo/project/index.php/Api/allorder
ERR: 无法加载控制器:OrderApi

[ 2015-01-27T12:29:14+08:00 ] ::1 /shuwo/project/index.php/Api/allorder
ERR: 无法加载控制器:OrderApi

[ 2015-01-27T12:30:18+08:00 ] ::1 /shuwo/project/index.php/Api/allorder
ERR: 无法加载控制器:OrderApi

[ 2015-01-27T12:30:18+08:00 ] ::1 /shuwo/project/index.php/Api/allorder
ERR: 无法加载控制器:OrderApi

[ 2015-01-27T12:31:17+08:00 ] ::1 /shuwo/project/index.php/Api/allorder
ERR: 无法加载控制器:OrderApi

[ 2015-01-27T12:31:18+08:00 ] ::1 /shuwo/project/index.php/Api/allorder
ERR: 无法加载控制器:OrderApi

[ 2015-01-27T12:31:18+08:00 ] ::1 /shuwo/project/index.php/Api/allorder
ERR: 无法加载控制器:OrderApi

[ 2015-01-27T12:31:18+08:00 ] ::1 /shuwo/project/index.php/Api/allorder
ERR: 无法加载控制器:OrderApi

[ 2015-01-27T12:31:18+08:00 ] ::1 /shuwo/project/index.php/Api/allorder
ERR: 无法加载控制器:OrderApi

[ 2015-01-27T12:31:19+08:00 ] ::1 /shuwo/project/index.php/Api/allorder
ERR: 无法加载控制器:OrderApi

[ 2015-01-27T12:31:19+08:00 ] ::1 /shuwo/project/index.php/Api/allorder
ERR: 无法加载控制器:OrderApi

[ 2015-01-27T12:31:19+08:00 ] ::1 /shuwo/project/index.php/Api/allorder
ERR: 无法加载控制器:OrderApi

[ 2015-01-27T12:35:38+08:00 ] ::1 /shuwo/project/index.php/Api/order/1
ERR: SQLSTATE[42S22]: Column not found: 1054 Unknown column 'id' in 'where clause'

[ 2015-01-27T12:38:50+08:00 ] ::1 /shuwo/project/index.php/Api/order/1
ERR: SQLSTATE[42S22]: Column not found: 1054 Unknown column 'id' in 'where clause'

[ 2015-01-27T12:38:51+08:00 ] ::1 /shuwo/project/index.php/Api/order/1
ERR: SQLSTATE[42S22]: Column not found: 1054 Unknown column 'id' in 'where clause'

[ 2015-01-27T12:38:51+08:00 ] ::1 /shuwo/project/index.php/Api/order/1
ERR: SQLSTATE[42S22]: Column not found: 1054 Unknown column 'id' in 'where clause'

[ 2015-01-27T12:38:51+08:00 ] ::1 /shuwo/project/index.php/Api/order/1
ERR: SQLSTATE[42S22]: Column not found: 1054 Unknown column 'id' in 'where clause'

[ 2015-01-27T12:38:52+08:00 ] ::1 /shuwo/project/index.php/Api/order/1
ERR: SQLSTATE[42S22]: Column not found: 1054 Unknown column 'id' in 'where clause'

[ 2015-01-27T12:38:52+08:00 ] ::1 /shuwo/project/index.php/Api/order/1
ERR: SQLSTATE[42S22]: Column not found: 1054 Unknown column 'id' in 'where clause'

[ 2015-01-27T12:38:52+08:00 ] ::1 /shuwo/project/index.php/Api/order/1
ERR: SQLSTATE[42S22]: Column not found: 1054 Unknown column 'id' in 'where clause'

[ 2015-01-27T12:38:52+08:00 ] ::1 /shuwo/project/index.php/Api/order/1
ERR: SQLSTATE[42S22]: Column not found: 1054 Unknown column 'id' in 'where clause'

[ 2015-01-27T12:38:52+08:00 ] ::1 /shuwo/project/index.php/Api/order/1
ERR: SQLSTATE[42S22]: Column not found: 1054 Unknown column 'id' in 'where clause'

[ 2015-01-27T12:38:53+08:00 ] ::1 /shuwo/project/index.php/Api/order/1
ERR: SQLSTATE[42S22]: Column not found: 1054 Unknown column 'id' in 'where clause'

[ 2015-01-27T12:42:52+08:00 ] ::1 /shuwo/project/index.php/Api/Order/1
ERR: SQLSTATE[42S22]: Column not found: 1054 Unknown column 'id' in 'where clause'

[ 2015-01-27T12:44:34+08:00 ] ::1 /shuwo/project/index.php/Api/order/1
ERR: SQLSTATE[42S22]: Column not found: 1054 Unknown column 'id' in 'where clause'

[ 2015-01-27T12:56:35+08:00 ] ::1 /shuwo/project/index.php/Api/shipping/1
ERR: 无法加载控制器:Shipping

[ 2015-01-27T13:04:46+08:00 ] ::1 /shuwo/project/index.php/Api/ordershops/1
ERR: 无法加载控制器:Ordershops

[ 2015-01-27T13:30:52+08:00 ] ::1 /shuwo/project/index.php/Api/orders/3
ERR: 无法加载控制器:Orders

