[ 2015-01-31T12:50:21+08:00 ] ::1 /shuwo/project/index.php/Api/shop/1/allproducts
ERR: SQLSTATE[42000]: Syntax error or access violation: 1064 Erreur de syntaxe près de 'WHERE `shopid` = 1' à la ligne 1

[ 2015-01-31T12:50:46+08:00 ] ::1 /shuwo/project/index.php/Api/shop/1/allproducts
ERR: SQLSTATE[42000]: Syntax error or access violation: 1064 Erreur de syntaxe près de 'WHERE `shopid` = 1' à la ligne 1

[ 2015-01-31T12:50:47+08:00 ] ::1 /shuwo/project/index.php/Api/shop/1/allproducts
ERR: SQLSTATE[42000]: Syntax error or access violation: 1064 Erreur de syntaxe près de 'WHERE `shopid` = 1' à la ligne 1

[ 2015-01-31T12:50:47+08:00 ] ::1 /shuwo/project/index.php/Api/shop/1/allproducts
ERR: SQLSTATE[42000]: Syntax error or access violation: 1064 Erreur de syntaxe près de 'WHERE `shopid` = 1' à la ligne 1

[ 2015-01-31T12:50:47+08:00 ] ::1 /shuwo/project/index.php/Api/shop/1/allproducts
ERR: SQLSTATE[42000]: Syntax error or access violation: 1064 Erreur de syntaxe près de 'WHERE `shopid` = 1' à la ligne 1

[ 2015-01-31T12:50:48+08:00 ] ::1 /shuwo/project/index.php/Api/shop/1/allproducts
ERR: SQLSTATE[42000]: Syntax error or access violation: 1064 Erreur de syntaxe près de 'WHERE `shopid` = 1' à la ligne 1

[ 2015-01-31T12:50:48+08:00 ] ::1 /shuwo/project/index.php/Api/shop/1/allproducts
ERR: SQLSTATE[42000]: Syntax error or access violation: 1064 Erreur de syntaxe près de 'WHERE `shopid` = 1' à la ligne 1

[ 2015-01-31T12:50:48+08:00 ] ::1 /shuwo/project/index.php/Api/shop/1/allproducts
ERR: SQLSTATE[42000]: Syntax error or access violation: 1064 Erreur de syntaxe près de 'WHERE `shopid` = 1' à la ligne 1

[ 2015-01-31T12:50:48+08:00 ] ::1 /shuwo/project/index.php/Api/shop/1/allproducts
ERR: SQLSTATE[42000]: Syntax error or access violation: 1064 Erreur de syntaxe près de 'WHERE `shopid` = 1' à la ligne 1

[ 2015-01-31T12:52:18+08:00 ] ::1 /shuwo/project/index.php/Api/shop/1/allproducts
ERR: SQLSTATE[42000]: Syntax error or access violation: 1064 Erreur de syntaxe près de 'WHERE `shopid` = 1' à la ligne 1

[ 2015-01-31T12:52:19+08:00 ] ::1 /shuwo/project/index.php/Api/shop/1/allproducts
ERR: SQLSTATE[42000]: Syntax error or access violation: 1064 Erreur de syntaxe près de 'WHERE `shopid` = 1' à la ligne 1

[ 2015-01-31T12:52:21+08:00 ] ::1 /shuwo/project/index.php/Api/shop/1/allproducts
ERR: SQLSTATE[42000]: Syntax error or access violation: 1064 Erreur de syntaxe près de 'WHERE `shopid` = 1' à la ligne 1

[ 2015-01-31T12:55:21+08:00 ] ::1 /shuwo/project/index.php/Api/shop/1/allproducts
ERR: SQLSTATE[42000]: Syntax error or access violation: 1064 Erreur de syntaxe près de 'WHERE `shopid` = 1' à la ligne 1

[ 2015-01-31T12:55:21+08:00 ] ::1 /shuwo/project/index.php/Api/shop/1/allproducts
ERR: SQLSTATE[42000]: Syntax error or access violation: 1064 Erreur de syntaxe près de 'WHERE `shopid` = 1' à la ligne 1

[ 2015-01-31T12:55:21+08:00 ] ::1 /shuwo/project/index.php/Api/shop/1/allproducts
ERR: SQLSTATE[42000]: Syntax error or access violation: 1064 Erreur de syntaxe près de 'WHERE `shopid` = 1' à la ligne 1

[ 2015-01-31T12:55:22+08:00 ] ::1 /shuwo/project/index.php/Api/shop/1/allproducts
ERR: SQLSTATE[42000]: Syntax error or access violation: 1064 Erreur de syntaxe près de 'WHERE `shopid` = 1' à la ligne 1

[ 2015-01-31T12:55:22+08:00 ] ::1 /shuwo/project/index.php/Api/shop/1/allproducts
ERR: SQLSTATE[42000]: Syntax error or access violation: 1064 Erreur de syntaxe près de 'WHERE `shopid` = 1' à la ligne 1

[ 2015-01-31T12:55:22+08:00 ] ::1 /shuwo/project/index.php/Api/shop/1/allproducts
ERR: SQLSTATE[42000]: Syntax error or access violation: 1064 Erreur de syntaxe près de 'WHERE `shopid` = 1' à la ligne 1

[ 2015-01-31T12:55:23+08:00 ] ::1 /shuwo/project/index.php/Api/shop/1/allproducts
ERR: SQLSTATE[42000]: Syntax error or access violation: 1064 Erreur de syntaxe près de 'WHERE `shopid` = 1' à la ligne 1

[ 2015-01-31T12:56:18+08:00 ] ::1 /shuwo/project/index.php/Api/shop/1/allproducts
ERR: SQLSTATE[42000]: Syntax error or access violation: 1064 Erreur de syntaxe près de 'WHERE `shopid` = 1' à la ligne 1

[ 2015-01-31T12:56:19+08:00 ] ::1 /shuwo/project/index.php/Api/shop/1/allproducts
ERR: SQLSTATE[42000]: Syntax error or access violation: 1064 Erreur de syntaxe près de 'WHERE `shopid` = 1' à la ligne 1

[ 2015-01-31T12:56:19+08:00 ] ::1 /shuwo/project/index.php/Api/shop/1/allproducts
ERR: SQLSTATE[42000]: Syntax error or access violation: 1064 Erreur de syntaxe près de 'WHERE `shopid` = 1' à la ligne 1

[ 2015-01-31T12:56:19+08:00 ] ::1 /shuwo/project/index.php/Api/shop/1/allproducts
ERR: SQLSTATE[42000]: Syntax error or access violation: 1064 Erreur de syntaxe près de 'WHERE `shopid` = 1' à la ligne 1

[ 2015-01-31T12:56:19+08:00 ] ::1 /shuwo/project/index.php/Api/shop/1/allproducts
ERR: SQLSTATE[42000]: Syntax error or access violation: 1064 Erreur de syntaxe près de 'WHERE `shopid` = 1' à la ligne 1

[ 2015-01-31T12:56:20+08:00 ] ::1 /shuwo/project/index.php/Api/shop/1/allproducts
ERR: SQLSTATE[42000]: Syntax error or access violation: 1064 Erreur de syntaxe près de 'WHERE `shopid` = 1' à la ligne 1

[ 2015-01-31T12:56:20+08:00 ] ::1 /shuwo/project/index.php/Api/shop/1/allproducts
ERR: SQLSTATE[42000]: Syntax error or access violation: 1064 Erreur de syntaxe près de 'WHERE `shopid` = 1' à la ligne 1

[ 2015-01-31T12:56:20+08:00 ] ::1 /shuwo/project/index.php/Api/shop/1/allproducts
ERR: SQLSTATE[42000]: Syntax error or access violation: 1064 Erreur de syntaxe près de 'WHERE `shopid` = 1' à la ligne 1

[ 2015-01-31T12:56:20+08:00 ] ::1 /shuwo/project/index.php/Api/shop/1/allproducts
ERR: SQLSTATE[42000]: Syntax error or access violation: 1064 Erreur de syntaxe près de 'WHERE `shopid` = 1' à la ligne 1

[ 2015-01-31T12:56:20+08:00 ] ::1 /shuwo/project/index.php/Api/shop/1/allproducts
ERR: SQLSTATE[42000]: Syntax error or access violation: 1064 Erreur de syntaxe près de 'WHERE `shopid` = 1' à la ligne 1

[ 2015-01-31T15:52:12+08:00 ] ::1 /shuwo/project/index.php/Api/shop/orders
ERR: test

[ 2015-01-31T15:52:13+08:00 ] ::1 /shuwo/project/index.php/Api/shop/orders
ERR: test

[ 2015-01-31T15:53:58+08:00 ] ::1 /shuwo/project/index.php/Api/shop/orders
ERR: test

[ 2015-01-31T15:53:58+08:00 ] ::1 /shuwo/project/index.php/Api/shop/orders
ERR: test

[ 2015-01-31T15:53:58+08:00 ] ::1 /shuwo/project/index.php/Api/shop/orders
ERR: test

[ 2015-01-31T15:53:58+08:00 ] ::1 /shuwo/project/index.php/Api/shop/orders
ERR: test

[ 2015-01-31T15:53:59+08:00 ] ::1 /shuwo/project/index.php/Api/shop/orders
ERR: test

[ 2015-01-31T15:53:59+08:00 ] ::1 /shuwo/project/index.php/Api/shop/orders
ERR: test

[ 2015-01-31T15:53:59+08:00 ] ::1 /shuwo/project/index.php/Api/shop/orders
ERR: test

[ 2015-01-31T16:36:47+08:00 ] 127.0.0.1 /shuwo/project/Api/address
ERR: SQLSTATE[28000] [1045] Access denied for user 'root'@'localhost' (using password: NO)

[ 2015-01-31T16:36:53+08:00 ] 127.0.0.1 /shuwo/project/Api/address/default
ERR: SQLSTATE[28000] [1045] Access denied for user 'root'@'localhost' (using password: NO)

[ 2015-01-31T16:36:54+08:00 ] 127.0.0.1 /shuwo/project/Api/address
ERR: SQLSTATE[28000] [1045] Access denied for user 'root'@'localhost' (using password: NO)

[ 2015-01-31T16:38:18+08:00 ] 127.0.0.1 /shuwo/project/Api/address
ERR: SQLSTATE[28000] [1045] Access denied for user 'root'@'localhost' (using password: NO)

[ 2015-01-31T16:38:19+08:00 ] 127.0.0.1 /shuwo/project/Api/address/default
ERR: SQLSTATE[28000] [1045] Access denied for user 'root'@'localhost' (using password: NO)

[ 2015-01-31T16:38:20+08:00 ] 127.0.0.1 /shuwo/project/Api/address
ERR: SQLSTATE[28000] [1045] Access denied for user 'root'@'localhost' (using password: NO)

[ 2015-01-31T16:38:22+08:00 ] 127.0.0.1 /shuwo/project/Api/address/default
ERR: SQLSTATE[28000] [1045] Access denied for user 'root'@'localhost' (using password: NO)

[ 2015-01-31T16:38:24+08:00 ] 127.0.0.1 /shuwo/project/Api/address
ERR: SQLSTATE[28000] [1045] Access denied for user 'root'@'localhost' (using password: NO)

[ 2015-01-31T16:39:02+08:00 ] 127.0.0.1 /shuwo/project/Api/shop/orders?count=5&start=0&status=-1
ERR: SQLSTATE[28000] [1045] Access denied for user 'root'@'localhost' (using password: NO)

[ 2015-01-31T16:39:05+08:00 ] 127.0.0.1 /shuwo/project/Api/shop/orders?count=5&start=0&status=-1
ERR: SQLSTATE[28000] [1045] Access denied for user 'root'@'localhost' (using password: NO)

[ 2015-01-31T16:39:05+08:00 ] 127.0.0.1 /shuwo/project/Api/shop/orders?count=5&start=5&status=-1
ERR: SQLSTATE[28000] [1045] Access denied for user 'root'@'localhost' (using password: NO)

[ 2015-01-31T16:39:06+08:00 ] 127.0.0.1 /shuwo/project/Api/shop/orders?count=5&start=10&status=-1
ERR: SQLSTATE[28000] [1045] Access denied for user 'root'@'localhost' (using password: NO)

[ 2015-01-31T16:39:08+08:00 ] 127.0.0.1 /shuwo/project/Api/shop/orders?count=5&start=15&status=-1
ERR: SQLSTATE[28000] [1045] Access denied for user 'root'@'localhost' (using password: NO)

[ 2015-01-31T16:39:08+08:00 ] 127.0.0.1 /shuwo/project/Api/shop/orders?count=5&start=20&status=-1
ERR: SQLSTATE[28000] [1045] Access denied for user 'root'@'localhost' (using password: NO)

[ 2015-01-31T16:39:09+08:00 ] 127.0.0.1 /shuwo/project/Api/shop/orders?count=5&start=25&status=-1
ERR: SQLSTATE[28000] [1045] Access denied for user 'root'@'localhost' (using password: NO)

