[ 2015-01-18T16:48:15+08:00 ] ::1 /shuwo/project/index.php/Api/shops
ERR: 无法加载控制器:Shops

[ 2015-01-18T16:48:21+08:00 ] ::1 /shuwo/project/index.php/Api/Shops
ERR: 无法加载控制器:Shops

[ 2015-01-18T16:48:24+08:00 ] ::1 /shuwo/project/index.php/Api/Shops
ERR: 无法加载控制器:Shops

[ 2015-01-18T16:48:24+08:00 ] ::1 /shuwo/project/index.php/Api/Shops
ERR: 无法加载控制器:Shops

[ 2015-01-18T16:48:59+08:00 ] ::1 /shuwo/project/index.php/Api/Shops
ERR: 无法加载控制器:Shops

[ 2015-01-18T16:49:02+08:00 ] ::1 /shuwo/project/index.php/Api/shops
ERR: 无法加载控制器:Shops

[ 2015-01-18T16:49:45+08:00 ] ::1 /shuwo/project/index.php/Api/shops/1
ERR: 无法加载控制器:Shops

[ 2015-01-18T17:13:12+08:00 ] ::1 /shuwo/project/index.php/Api/shop/1
ERR: 无法加载控制器:Id

[ 2015-01-18T17:13:28+08:00 ] ::1 /shuwo/project/index.php/Api/shop/1
ERR: 无法加载控制器:Id

[ 2015-01-18T17:13:29+08:00 ] ::1 /shuwo/project/index.php/Api/shop/1
ERR: 无法加载控制器:Id

[ 2015-01-18T17:13:29+08:00 ] ::1 /shuwo/project/index.php/Api/shop/1
ERR: 无法加载控制器:Id

[ 2015-01-18T17:13:29+08:00 ] ::1 /shuwo/project/index.php/Api/shop/1
ERR: 无法加载控制器:Id

[ 2015-01-18T17:13:29+08:00 ] ::1 /shuwo/project/index.php/Api/shop/1
ERR: 无法加载控制器:Id

[ 2015-01-18T17:13:30+08:00 ] ::1 /shuwo/project/index.php/Api/shop/1
ERR: 无法加载控制器:Id

[ 2015-01-18T17:13:30+08:00 ] ::1 /shuwo/project/index.php/Api/shop/1
ERR: 无法加载控制器:Id

[ 2015-01-18T17:13:30+08:00 ] ::1 /shuwo/project/index.php/Api/shop/1
ERR: 无法加载控制器:Id

[ 2015-01-18T17:13:31+08:00 ] ::1 /shuwo/project/index.php/Api/shop/1
ERR: 无法加载控制器:Id

[ 2015-01-18T17:13:31+08:00 ] ::1 /shuwo/project/index.php/Api/shop/1
ERR: 无法加载控制器:Id

[ 2015-01-18T17:13:31+08:00 ] ::1 /shuwo/project/index.php/Api/shop/1
ERR: 无法加载控制器:Id

[ 2015-01-18T17:13:56+08:00 ] ::1 /shuwo/project/index.php/Api/shop/1
ERR: 无法加载控制器:Id

[ 2015-01-18T17:13:57+08:00 ] ::1 /shuwo/project/index.php/Api/shop/1
ERR: 无法加载控制器:Id

[ 2015-01-18T17:13:57+08:00 ] ::1 /shuwo/project/index.php/Api/shop/1
ERR: 无法加载控制器:Id

[ 2015-01-18T17:13:59+08:00 ] ::1 /shuwo/project/index.php/Api/shop/1
ERR: 无法加载控制器:Id

[ 2015-01-18T17:13:59+08:00 ] ::1 /shuwo/project/index.php/Api/shop/1
ERR: 无法加载控制器:Id

[ 2015-01-18T17:13:59+08:00 ] ::1 /shuwo/project/index.php/Api/shop/1
ERR: 无法加载控制器:Id

[ 2015-01-18T17:14:21+08:00 ] ::1 /shuwo/project/index.php/Api/shop/1
ERR: 无法加载控制器:Id

[ 2015-01-18T17:14:22+08:00 ] ::1 /shuwo/project/index.php/Api/shop/1
ERR: 无法加载控制器:Id

[ 2015-01-18T17:14:22+08:00 ] ::1 /shuwo/project/index.php/Api/shop/1
ERR: 无法加载控制器:Id

[ 2015-01-18T17:14:23+08:00 ] ::1 /shuwo/project/index.php/Api/shop/1
ERR: 无法加载控制器:Id

[ 2015-01-18T17:14:24+08:00 ] ::1 /shuwo/project/index.php/Api/shop/1
ERR: 无法加载控制器:Id

[ 2015-01-18T17:14:24+08:00 ] ::1 /shuwo/project/index.php/Api/shop/1
ERR: 无法加载控制器:Id

[ 2015-01-18T17:14:24+08:00 ] ::1 /shuwo/project/index.php/Api/shop/1
ERR: 无法加载控制器:Id

[ 2015-01-18T17:15:24+08:00 ] ::1 /shuwo/project/index.php/Api/shop/1
ERR: 无法加载控制器:Id

[ 2015-01-18T17:15:25+08:00 ] ::1 /shuwo/project/index.php/Api/shop/1
ERR: 无法加载控制器:Id

[ 2015-01-18T17:15:25+08:00 ] ::1 /shuwo/project/index.php/Api/shop/1
ERR: 无法加载控制器:Id

[ 2015-01-18T17:15:25+08:00 ] ::1 /shuwo/project/index.php/Api/shop/1
ERR: 无法加载控制器:Id

[ 2015-01-18T17:15:41+08:00 ] ::1 /shuwo/project/index.php/Api/shop/1
ERR: 无法加载控制器:Shop

[ 2015-01-18T17:15:42+08:00 ] ::1 /shuwo/project/index.php/Api/shop/1
ERR: 无法加载控制器:Shop

[ 2015-01-18T17:15:42+08:00 ] ::1 /shuwo/project/index.php/Api/shop/1
ERR: 无法加载控制器:Shop

[ 2015-01-18T17:15:44+08:00 ] ::1 /shuwo/project/index.php/Api/shop/1
ERR: 无法加载控制器:Shop

[ 2015-01-18T17:15:52+08:00 ] ::1 /shuwo/project/index.php/Api/shop/1
ERR: 无法加载控制器:Shop

[ 2015-01-18T17:15:52+08:00 ] ::1 /shuwo/project/index.php/Api/shop/1
ERR: 无法加载控制器:Shop

[ 2015-01-18T17:15:53+08:00 ] ::1 /shuwo/project/index.php/Api/shop/1
ERR: 无法加载控制器:Shop

[ 2015-01-18T17:15:53+08:00 ] ::1 /shuwo/project/index.php/Api/shop/1
ERR: 无法加载控制器:Shop

[ 2015-01-18T17:15:54+08:00 ] ::1 /shuwo/project/index.php/Api/shop/1
ERR: 无法加载控制器:Shop

[ 2015-01-18T17:15:54+08:00 ] ::1 /shuwo/project/index.php/Api/shop/1
ERR: 无法加载控制器:Shop

[ 2015-01-18T17:16:39+08:00 ] ::1 /shuwo/project/index.php/Api/shop
ERR: 无法加载控制器:Shop

[ 2015-01-18T17:16:40+08:00 ] ::1 /shuwo/project/index.php/Api/shop
ERR: 无法加载控制器:Shop

[ 2015-01-18T17:16:41+08:00 ] ::1 /shuwo/project/index.php/Api/shop
ERR: 无法加载控制器:Shop

[ 2015-01-18T17:16:41+08:00 ] ::1 /shuwo/project/index.php/Api/shop
ERR: 无法加载控制器:Shop

[ 2015-01-18T17:16:42+08:00 ] ::1 /shuwo/project/index.php/Api/shop
ERR: 无法加载控制器:Shop

[ 2015-01-18T17:16:42+08:00 ] ::1 /shuwo/project/index.php/Api/shop
ERR: 无法加载控制器:Shop

[ 2015-01-18T17:16:42+08:00 ] ::1 /shuwo/project/index.php/Api/shop
ERR: 无法加载控制器:Shop

[ 2015-01-18T17:16:42+08:00 ] ::1 /shuwo/project/index.php/Api/shop
ERR: 无法加载控制器:Shop

[ 2015-01-18T17:16:43+08:00 ] ::1 /shuwo/project/index.php/Api/shop
ERR: 无法加载控制器:Shop

[ 2015-01-18T17:16:43+08:00 ] ::1 /shuwo/project/index.php/Api/shop
ERR: 无法加载控制器:Shop

[ 2015-01-18T17:16:43+08:00 ] ::1 /shuwo/project/index.php/Api/shop
ERR: 无法加载控制器:Shop

[ 2015-01-18T17:16:43+08:00 ] ::1 /shuwo/project/index.php/Api/shop
ERR: 无法加载控制器:Shop

[ 2015-01-18T17:16:44+08:00 ] ::1 /shuwo/project/index.php/Api/shop
ERR: 无法加载控制器:Shop

[ 2015-01-18T17:16:44+08:00 ] ::1 /shuwo/project/index.php/Api/shop
ERR: 无法加载控制器:Shop

[ 2015-01-18T17:16:44+08:00 ] ::1 /shuwo/project/index.php/Api/shop
ERR: 无法加载控制器:Shop

[ 2015-01-18T17:16:44+08:00 ] ::1 /shuwo/project/index.php/Api/shop
ERR: 无法加载控制器:Shop

[ 2015-01-18T17:16:44+08:00 ] ::1 /shuwo/project/index.php/Api/shop
ERR: 无法加载控制器:Shop

[ 2015-01-18T17:16:46+08:00 ] ::1 /shuwo/project/index.php/Api/shop/1
ERR: 无法加载控制器:Shop

[ 2015-01-18T17:16:47+08:00 ] ::1 /shuwo/project/index.php/Api/shop/1
ERR: 无法加载控制器:Shop

[ 2015-01-18T17:16:47+08:00 ] ::1 /shuwo/project/index.php/Api/shop/1
ERR: 无法加载控制器:Shop

[ 2015-01-18T17:16:47+08:00 ] ::1 /shuwo/project/index.php/Api/shop/1
ERR: 无法加载控制器:Shop

[ 2015-01-18T17:16:47+08:00 ] ::1 /shuwo/project/index.php/Api/shop/1
ERR: 无法加载控制器:Shop

[ 2015-01-18T17:16:48+08:00 ] ::1 /shuwo/project/index.php/Api/shop/1
ERR: 无法加载控制器:Shop

[ 2015-01-18T17:23:44+08:00 ] ::1 /shuwo/project/index.php/Api/shop/1
ERR: 无法加载控制器:Shop

[ 2015-01-18T17:23:51+08:00 ] ::1 /shuwo/project/index.php/Api/shop/
ERR: 无法加载控制器:Shop

[ 2015-01-18T17:24:35+08:00 ] ::1 /shuwo/project/index.php/Api/shop/s001
ERR: 无法加载控制器:Shop

