[ 2015-01-22T10:57:11+08:00 ] ::1 /shuwo/project/index.php/Api/updatecategory
ERR: 无法加载控制器:Updatecategory

[ 2015-01-22T10:58:01+08:00 ] ::1 /shuwo/project/index.php/Api/updatecategory/1
ERR: 无法加载控制器:Updatecategory

[ 2015-01-22T10:58:03+08:00 ] ::1 /shuwo/project/index.php/Api/updatecategory/1
ERR: 无法加载控制器:Updatecategory

[ 2015-01-22T10:58:03+08:00 ] ::1 /shuwo/project/index.php/Api/updatecategory/1
ERR: 无法加载控制器:Updatecategory

[ 2015-01-22T10:58:04+08:00 ] ::1 /shuwo/project/index.php/Api/updatecategory/1
ERR: 无法加载控制器:Updatecategory

[ 2015-01-22T10:58:04+08:00 ] ::1 /shuwo/project/index.php/Api/updatecategory/1
ERR: 无法加载控制器:Updatecategory

[ 2015-01-22T10:58:04+08:00 ] ::1 /shuwo/project/index.php/Api/updatecategory/1
ERR: 无法加载控制器:Updatecategory

[ 2015-01-22T10:58:04+08:00 ] ::1 /shuwo/project/index.php/Api/updatecategory/1
ERR: 无法加载控制器:Updatecategory

[ 2015-01-22T10:58:05+08:00 ] ::1 /shuwo/project/index.php/Api/updatecategory/1
ERR: 无法加载控制器:Updatecategory

[ 2015-01-22T10:58:05+08:00 ] ::1 /shuwo/project/index.php/Api/updatecategory/1
ERR: 无法加载控制器:Updatecategory

[ 2015-01-22T10:58:05+08:00 ] ::1 /shuwo/project/index.php/Api/updatecategory/1
ERR: 无法加载控制器:Updatecategory

[ 2015-01-22T10:58:05+08:00 ] ::1 /shuwo/project/index.php/Api/updatecategory/1
ERR: 无法加载控制器:Updatecategory

[ 2015-01-22T10:58:05+08:00 ] ::1 /shuwo/project/index.php/Api/updatecategory/1
ERR: 无法加载控制器:Updatecategory

[ 2015-01-22T10:58:06+08:00 ] ::1 /shuwo/project/index.php/Api/updatecategory/1
ERR: 无法加载控制器:Updatecategory

[ 2015-01-22T10:58:06+08:00 ] ::1 /shuwo/project/index.php/Api/updatecategory/1
ERR: 无法加载控制器:Updatecategory

[ 2015-01-22T10:58:06+08:00 ] ::1 /shuwo/project/index.php/Api/updatecategory/1
ERR: 无法加载控制器:Updatecategory

[ 2015-01-22T10:58:06+08:00 ] ::1 /shuwo/project/index.php/Api/updatecategory/1
ERR: 无法加载控制器:Updatecategory

[ 2015-01-22T10:58:06+08:00 ] ::1 /shuwo/project/index.php/Api/updatecategory/1
ERR: 无法加载控制器:Updatecategory

[ 2015-01-22T10:58:07+08:00 ] ::1 /shuwo/project/index.php/Api/updatecategory/1
ERR: 无法加载控制器:Updatecategory

[ 2015-01-22T11:08:19+08:00 ] ::1 /shuwo/project/index.php/Api/category/1
ERR: 无法加载控制器:Category

[ 2015-01-22T11:08:51+08:00 ] ::1 /shuwo/project/index.php/Api/'category/1
ERR: 无法加载控制器:'category

[ 2015-01-22T11:08:52+08:00 ] ::1 /shuwo/project/index.php/Api/'category/1
ERR: 无法加载控制器:'category

[ 2015-01-22T11:08:52+08:00 ] ::1 /shuwo/project/index.php/Api/'category/1
ERR: 无法加载控制器:'category

[ 2015-01-22T11:08:52+08:00 ] ::1 /shuwo/project/index.php/Api/'category/1
ERR: 无法加载控制器:'category

[ 2015-01-22T11:08:53+08:00 ] ::1 /shuwo/project/index.php/Api/'category/1
ERR: 无法加载控制器:'category

[ 2015-01-22T11:08:53+08:00 ] ::1 /shuwo/project/index.php/Api/'category/1
ERR: 无法加载控制器:'category

[ 2015-01-22T11:08:53+08:00 ] ::1 /shuwo/project/index.php/Api/'category/1
ERR: 无法加载控制器:'category

[ 2015-01-22T11:08:53+08:00 ] ::1 /shuwo/project/index.php/Api/'category/1
ERR: 无法加载控制器:'category

[ 2015-01-22T11:08:53+08:00 ] ::1 /shuwo/project/index.php/Api/'category/1
ERR: 无法加载控制器:'category

[ 2015-01-22T11:08:54+08:00 ] ::1 /shuwo/project/index.php/Api/'category/1
ERR: 无法加载控制器:'category

